{"total": {"lines":{"total":922,"covered":843,"skipped":0,"pct":91.43},"statements":{"total":988,"covered":903,"skipped":0,"pct":91.4},"functions":{"total":219,"covered":203,"skipped":0,"pct":92.69},"branches":{"total":571,"covered":461,"skipped":0,"pct":80.74}}
,"/Users/tomaspietravallo/Documents/GitHub/sparkar-volts/volts.ts": {"lines":{"total":922,"covered":843,"skipped":0,"pct":91.43},"functions":{"total":219,"covered":203,"skipped":0,"pct":92.69},"statements":{"total":988,"covered":903,"skipped":0,"pct":91.4},"branches":{"total":571,"covered":461,"skipped":0,"pct":80.74}}
}
