{"total": {"lines":{"total":697,"covered":669,"skipped":0,"pct":95.98},"statements":{"total":798,"covered":750,"skipped":0,"pct":93.98},"functions":{"total":186,"covered":179,"skipped":0,"pct":96.24},"branches":{"total":443,"covered":342,"skipped":0,"pct":77.2}}
,"/Users/tomaspietravallo/Documents/GitHub/sparkar-volts/volts.ts": {"lines":{"total":697,"covered":669,"skipped":0,"pct":95.98},"functions":{"total":186,"covered":179,"skipped":0,"pct":96.24},"statements":{"total":798,"covered":750,"skipped":0,"pct":93.98},"branches":{"total":443,"covered":342,"skipped":0,"pct":77.2}}
}
